2025-03-13 23:18:03,539 - INFO - ==================================================
2025-03-13 23:18:03,539 - INFO - 开始处理文件: C:/Users/ashin/Nextcloud/同步盘/ashin/Desktop/0.赣州职业技术学院2025年第2次党委会会议方案(2).doc
2025-03-13 23:18:03,539 - INFO - 检测到.doc文件，启动格式转换
2025-03-13 23:18:03,539 - INFO - 开始文件转换: C:/Users/ashin/Nextcloud/同步盘/ashin/Desktop/0.赣州职业技术学院2025年第2次党委会会议方案(2).doc
2025-03-13 23:18:06,090 - INFO - 文件转换完成，新路径: C:/Users/ashin/Nextcloud/同步盘/ashin/Desktop/0.赣州职业技术学院2025年第2次党委会会议方案(2).docx
2025-03-13 23:18:08,443 - INFO - 开始信息提取流程
2025-03-13 23:18:08,444 - INFO - 开始提取会议信息: C:/Users/ashin/Nextcloud/同步盘/ashin/Desktop/0.赣州职业技术学院2025年第2次党委会会议方案(2).docx
2025-03-13 23:18:08,451 - INFO - 从表格中提取到日期: 20250307
2025-03-13 23:18:08,460 - INFO - 从段落中补充提取到会议次数: 第2次党委会
2025-03-13 23:18:08,460 - INFO - 最终会议信息: {'date': '20250307', 'meeting_num': '第2次党委会'}
2025-03-13 23:18:08,461 - INFO - 从文件名提取到会议次数: 第2次党委会
2025-03-13 23:18:08,461 - INFO - 最终会议信息 | 日期: 20250307 | 次数: 第2次党委会
2025-03-13 23:18:08,461 - INFO - 开始提取议程内容
2025-03-13 23:18:08,461 - INFO - 开始提取议程原始文本: C:/Users/ashin/Nextcloud/同步盘/ashin/Desktop/0.赣州职业技术学院2025年第2次党委会会议方案(2).docx
2025-03-13 23:18:08,473 - INFO - 找到议程单元格: 传达学习习近平在中共中央政治局第十九次集体学习时讲话：坚定不移贯彻总体国家安全观 把平安中国建设推向...
2025-03-13 23:18:08,473 - INFO - 开始解析议程内容
2025-03-13 23:18:08,474 - INFO - 开始解析议程内容
2025-03-13 23:18:08,474 - INFO - 议程解析完成 | 总行数: 26 | 有效条目: 25
2025-03-13 23:18:08,475 - INFO - 开始写入Excel
2025-03-13 23:18:08,475 - INFO - 开始写入Excel | 文件: C:/Users/ashin/Nextcloud/同步盘/ashin/Desktop/议题记录.xlsx | 工作表: 党委会-2025
2025-03-13 23:18:08,528 - INFO - 使用现有工作表: 党委会-2025
2025-03-13 23:18:08,579 - INFO - 成功写入25条数据 | 起始行: 52
2025-03-13 23:18:08,579 - INFO - 处理流程完成
2025-03-13 23:18:08,579 - INFO - 开始清理临时文件: C:/Users/ashin/Nextcloud/同步盘/ashin/Desktop/0.赣州职业技术学院2025年第2次党委会会议方案(2).docx
2025-03-13 23:18:08,581 - INFO - 临时文件清理成功
2025-03-13 23:18:08,581 - INFO - 处理流程结束

2025-03-13 23:18:41,975 - INFO - ==================================================
2025-03-13 23:18:41,976 - INFO - 开始处理文件: C:/Users/ashin/Nextcloud/同步盘/ashin/Desktop/0.赣州职业技术学院2025年第2次党委会会议方案(2).doc
2025-03-13 23:18:41,976 - INFO - 检测到.doc文件，启动格式转换
2025-03-13 23:18:41,976 - INFO - 开始文件转换: C:/Users/ashin/Nextcloud/同步盘/ashin/Desktop/0.赣州职业技术学院2025年第2次党委会会议方案(2).doc
2025-03-13 23:18:44,356 - INFO - 文件转换完成，新路径: C:/Users/ashin/Nextcloud/同步盘/ashin/Desktop/0.赣州职业技术学院2025年第2次党委会会议方案(2).docx
2025-03-13 23:18:44,484 - INFO - 开始信息提取流程
2025-03-13 23:18:44,484 - INFO - 开始提取会议信息: C:/Users/ashin/Nextcloud/同步盘/ashin/Desktop/0.赣州职业技术学院2025年第2次党委会会议方案(2).docx
2025-03-13 23:18:44,496 - INFO - 从表格中提取到日期: 20250307
2025-03-13 23:18:44,510 - INFO - 从段落中补充提取到会议次数: 第2次党委会
2025-03-13 23:18:44,510 - INFO - 最终会议信息: {'date': '20250307', 'meeting_num': '第2次党委会'}
2025-03-13 23:18:44,511 - INFO - 从文件名提取到会议次数: 第2次党委会
2025-03-13 23:18:44,511 - INFO - 最终会议信息 | 日期: 20250307 | 次数: 第2次党委会
2025-03-13 23:18:44,511 - INFO - 开始提取议程内容
2025-03-13 23:18:44,511 - INFO - 开始提取议程原始文本: C:/Users/ashin/Nextcloud/同步盘/ashin/Desktop/0.赣州职业技术学院2025年第2次党委会会议方案(2).docx
2025-03-13 23:18:44,525 - INFO - 找到议程单元格: 传达学习习近平在中共中央政治局第十九次集体学习时讲话：坚定不移贯彻总体国家安全观 把平安中国建设推向...
2025-03-13 23:18:44,525 - INFO - 开始解析议程内容
2025-03-13 23:18:44,525 - INFO - 开始解析议程内容
2025-03-13 23:18:44,526 - INFO - 议程解析完成 | 总行数: 26 | 有效条目: 25
2025-03-13 23:18:44,527 - INFO - 开始写入Excel
2025-03-13 23:18:44,527 - INFO - 开始写入Excel | 文件: C:/Users/ashin/Nextcloud/同步盘/ashin/Desktop/议题记录.xlsx | 工作表: 党委会-2025
2025-03-13 23:18:44,614 - INFO - 使用现有工作表: 党委会-2025
2025-03-13 23:18:44,689 - INFO - 成功写入25条数据 | 起始行: 2
2025-03-13 23:18:44,690 - INFO - 处理流程完成
2025-03-13 23:18:44,691 - INFO - 开始清理临时文件: C:/Users/ashin/Nextcloud/同步盘/ashin/Desktop/0.赣州职业技术学院2025年第2次党委会会议方案(2).docx
2025-03-13 23:18:44,692 - INFO - 临时文件清理成功
2025-03-13 23:18:44,693 - INFO - 处理流程结束

2025-03-13 23:19:43,752 - INFO - ==================================================
2025-03-13 23:19:43,752 - INFO - 开始处理文件: C:/Users/ashin/Nextcloud/同步盘/ashin/Desktop/0.赣州职业技术学院2025年第2次党委会会议方案(2).doc
2025-03-13 23:19:43,753 - INFO - 检测到.doc文件，启动格式转换
2025-03-13 23:19:43,753 - INFO - 开始文件转换: C:/Users/ashin/Nextcloud/同步盘/ashin/Desktop/0.赣州职业技术学院2025年第2次党委会会议方案(2).doc
2025-03-13 23:19:46,163 - INFO - 文件转换完成，新路径: C:/Users/ashin/Nextcloud/同步盘/ashin/Desktop/0.赣州职业技术学院2025年第2次党委会会议方案(2).docx
2025-03-13 23:19:48,670 - INFO - 开始信息提取流程
2025-03-13 23:19:48,670 - INFO - 开始提取会议信息: C:/Users/ashin/Nextcloud/同步盘/ashin/Desktop/0.赣州职业技术学院2025年第2次党委会会议方案(2).docx
2025-03-13 23:19:48,679 - INFO - 从表格中提取到日期: 20250307
2025-03-13 23:19:48,689 - INFO - 从段落中补充提取到会议次数: 第2次党委会
2025-03-13 23:19:48,689 - INFO - 最终会议信息: {'date': '20250307', 'meeting_num': '第2次党委会'}
2025-03-13 23:19:48,689 - INFO - 从文件名提取到会议次数: 第2次党委会
2025-03-13 23:19:48,690 - INFO - 最终会议信息 | 日期: 20250307 | 次数: 第2次党委会
2025-03-13 23:19:48,690 - INFO - 开始提取议程内容
2025-03-13 23:19:48,690 - INFO - 开始提取议程原始文本: C:/Users/ashin/Nextcloud/同步盘/ashin/Desktop/0.赣州职业技术学院2025年第2次党委会会议方案(2).docx
2025-03-13 23:19:48,702 - INFO - 找到议程单元格: 传达学习习近平在中共中央政治局第十九次集体学习时讲话：坚定不移贯彻总体国家安全观 把平安中国建设推向...
2025-03-13 23:19:48,703 - INFO - 开始解析议程内容
2025-03-13 23:19:48,703 - INFO - 开始解析议程内容
2025-03-13 23:19:48,704 - INFO - 议程解析完成 | 总行数: 26 | 有效条目: 25
2025-03-13 23:19:48,704 - INFO - 开始写入Excel
2025-03-13 23:19:48,704 - INFO - 开始写入Excel | 文件: C:/Users/ashin/Nextcloud/同步盘/ashin/Desktop/议题记录.xlsx | 工作表: 党委会-2025
2025-03-13 23:19:48,763 - INFO - 使用现有工作表: 党委会-2025
2025-03-13 23:19:48,807 - INFO - 成功写入25条数据 | 起始行: 27
2025-03-13 23:19:48,807 - INFO - 处理流程完成
2025-03-13 23:19:48,808 - INFO - 开始清理临时文件: C:/Users/ashin/Nextcloud/同步盘/ashin/Desktop/0.赣州职业技术学院2025年第2次党委会会议方案(2).docx
2025-03-13 23:19:48,808 - INFO - 临时文件清理成功
2025-03-13 23:19:48,808 - INFO - 处理流程结束

